<?xml version="1.0" encoding="UTF-8"?>
<!-- Generated by org.testng.reporters.JUnitReportReporter -->
<testsuite skipped="7" hostname="sanu-Latitude-5580" name="chimpPackage.VerifyAuthzerologin" tests="8" failures="0" timestamp="02 Aug 2018 12:47:14 GMT" time="0.006" errors="1">
  <testcase name="tc07LoginasNewuser" time="0.000" classname="chimpPackage.VerifyAuthzerologin">
    <skipped/>
  </testcase> <!-- tc07LoginasNewuser -->
  <testcase name="tc03IsSignupbuttonpresent" time="0.000" classname="chimpPackage.VerifyAuthzerologin">
    <skipped/>
  </testcase> <!-- tc03IsSignupbuttonpresent -->
  <testcase name="initialiseDriver" time="0.006" classname="chimpPackage.VerifyAuthzerologin">
    <error type="java.io.FileNotFoundException" message="property file &#039;/home/sanu/AutomationBasePackageExported/chimpProject/resource/VerifyAuthzerologin.properties&#039; not found in the classpath">
      <![CDATA[java.io.FileNotFoundException: property file '/home/sanu/AutomationBasePackageExported/chimpProject/resource/VerifyAuthzerologin.properties' not found in the classpath
at chimpPackage.VerifyAuthzerologin.getPropertyValues(VerifyAuthzerologin.java:67)
at chimpPackage.VerifyAuthzerologin.initialiseDriver(VerifyAuthzerologin.java:36)
at sun.reflect.NativeMethodAccessorImpl.invoke0(Native Method)
at sun.reflect.NativeMethodAccessorImpl.invoke(NativeMethodAccessorImpl.java:62)
at sun.reflect.DelegatingMethodAccessorImpl.invoke(DelegatingMethodAccessorImpl.java:43)
at java.lang.reflect.Method.invoke(Method.java:498)
at org.testng.internal.MethodInvocationHelper.invokeMethod(MethodInvocationHelper.java:124)
at org.testng.internal.MethodInvocationHelper.invokeMethodConsideringTimeout(MethodInvocationHelper.java:59)
at org.testng.internal.Invoker.invokeConfigurationMethod(Invoker.java:458)
at org.testng.internal.Invoker.invokeConfigurations(Invoker.java:222)
at org.testng.internal.Invoker.invokeConfigurations(Invoker.java:142)
at org.testng.internal.TestMethodWorker.invokeBeforeClassMethods(TestMethodWorker.java:168)
at org.testng.internal.TestMethodWorker.run(TestMethodWorker.java:105)
at org.testng.TestRunner.privateRun(TestRunner.java:648)
at org.testng.TestRunner.run(TestRunner.java:505)
at org.testng.SuiteRunner.runTest(SuiteRunner.java:455)
at org.testng.SuiteRunner.access$000(SuiteRunner.java:40)
at org.testng.SuiteRunner$SuiteWorker.run(SuiteRunner.java:489)
at org.testng.internal.thread.ThreadUtil$1.call(ThreadUtil.java:52)
at java.util.concurrent.FutureTask.run(FutureTask.java:266)
at java.util.concurrent.ThreadPoolExecutor.runWorker(ThreadPoolExecutor.java:1149)
at java.util.concurrent.ThreadPoolExecutor$Worker.run(ThreadPoolExecutor.java:624)
at java.lang.Thread.run(Thread.java:748)
]]>
    </error>
  </testcase> <!-- initialiseDriver -->
  <testcase name="tc01IsLoginbuttonpresent" time="0.000" classname="chimpPackage.VerifyAuthzerologin">
    <skipped/>
  </testcase> <!-- tc01IsLoginbuttonpresent -->
  <testcase name="tc02IsUsernamepresent" time="0.000" classname="chimpPackage.VerifyAuthzerologin">
    <skipped/>
  </testcase> <!-- tc02IsUsernamepresent -->
  <testcase name="tc06NewUsersignup" time="0.000" classname="chimpPackage.VerifyAuthzerologin">
    <skipped/>
  </testcase> <!-- tc06NewUsersignup -->
  <testcase name="tc04ValidateSignUpbutton" time="0.000" classname="chimpPackage.VerifyAuthzerologin">
    <skipped/>
  </testcase> <!-- tc04ValidateSignUpbutton -->
  <testcase name="tc05VerifyInvalidcredentialcombination" classname="chimpPackage.VerifyAuthzerologin">
    <skipped/>
  </testcase> <!-- tc05VerifyInvalidcredentialcombination -->
</testsuite> <!-- chimpPackage.VerifyAuthzerologin -->
